<?xml version="1.0" encoding="UTF-8"?>
<!-- Generated by org.testng.reporters.JUnitReportReporter -->
<testsuite skipped="0" hostname="Ankur3147469" name="com.nagarro.nagp.tests.ItemCompare" tests="1" failures="0" timestamp="26 Mar 2020 16:55:22 GMT" time="8.479" errors="0">
  <testcase name="f" time="8.479" classname="com.nagarro.nagp.tests.ItemCompare"/>
</testsuite> <!-- com.nagarro.nagp.tests.ItemCompare -->
